2025-10-20 11:06:02,492 - INFO - Taking action for LOW threat (prob=0.3500)
2025-10-20 11:06:02,501 - INFO - Alert sent: LOW threat detected
2025-10-20 11:06:02,502 - INFO - Alert logged to data\alerts.json
2025-10-20 11:06:04,502 - INFO - Taking action for MEDIUM threat (prob=0.6500)
2025-10-20 11:06:04,503 - INFO - Alert sent: MEDIUM threat detected
2025-10-20 11:06:04,510 - INFO - Alert logged to data\alerts.json
2025-10-20 11:06:06,511 - INFO - Taking action for HIGH threat (prob=0.8200)
2025-10-20 11:06:06,511 - INFO - Alert sent: HIGH threat detected
2025-10-20 11:06:06,519 - INFO - Alert logged to data\alerts.json
2025-10-20 11:06:06,531 - INFO - Drive process (PID: 21880) suspended successfully.
2025-10-20 11:09:10,442 - INFO - Taking action for LOW threat (prob=0.3500)
2025-10-20 11:09:10,451 - INFO - Alert sent: LOW threat detected
2025-10-20 11:09:10,459 - INFO - Alert logged to data\alerts.json
2025-10-20 11:09:12,460 - INFO - Taking action for MEDIUM threat (prob=0.6500)
2025-10-20 11:09:12,460 - INFO - Alert sent: MEDIUM threat detected
2025-10-20 11:09:12,469 - INFO - Alert logged to data\alerts.json
2025-10-20 11:09:14,469 - INFO - Taking action for HIGH threat (prob=0.8200)
2025-10-20 11:09:14,469 - INFO - Alert sent: HIGH threat detected
2025-10-20 11:09:14,477 - INFO - Alert logged to data\alerts.json
2025-10-20 11:09:14,487 - INFO - Drive process (PID: 21880) suspended successfully.
2025-10-20 11:09:16,489 - INFO - Recovery report generated: data\recovery_instructions.txt
2025-10-20 11:12:25,397 - INFO - Taking action for MEDIUM threat (prob=0.7334)
2025-10-20 11:12:25,403 - INFO - Alert sent: MEDIUM threat detected
2025-10-20 11:12:25,414 - ERROR - Failed to send notification: Object of type float32 is not JSON serializable
2025-10-20 11:14:58,506 - INFO - Taking action for HIGH threat (prob=0.8500)
2025-10-20 11:14:58,506 - INFO - Alert sent: HIGH threat detected
2025-10-20 11:14:58,517 - INFO - Alert logged to data\alerts.json
2025-10-20 11:14:58,535 - INFO - Drive process (PID: 21880) suspended successfully.
2025-10-20 11:18:25,821 - INFO - Taking action for HIGH threat (prob=0.8500)
2025-10-20 11:18:25,821 - INFO - Alert sent: HIGH threat detected
2025-10-20 11:18:25,832 - INFO - Alert logged to data\alerts.json
2025-10-20 11:18:25,833 - INFO - Drive sync already paused.
2025-10-20 11:22:23,126 - INFO - Taking action for HIGH threat (prob=0.8500)
2025-10-20 11:22:23,126 - INFO - Alert sent: HIGH threat detected
2025-10-20 11:22:23,136 - INFO - Alert logged to data\alerts.json
2025-10-20 11:22:23,136 - INFO - Drive sync already paused.
